The system is: Linux - 5.10.16.3-microsoft-standard-WSL2 - x86_64
Compiling the C compiler identification source file "CMakeCCompilerId.c" succeeded.
Compiler: /riscv32/bin/riscv32-unknown-linux-gnu-gcc 
Build flags: 
Id flags:  

The output was:
0


Compilation of the C compiler identification source "CMakeCCompilerId.c" produced "a.out"

The C compiler identification is GNU, found in "/coursegrader/build/CMakeFiles/3.10.2/CompilerIdC/a.out"

Compiling the CXX compiler identification source file "CMakeCXXCompilerId.cpp" succeeded.
Compiler: /riscv32/bin/riscv32-unknown-linux-gnu-c++ 
Build flags: 
Id flags:  

The output was:
0


Compilation of the CXX compiler identification source "CMakeCXXCompilerId.cpp" produced "a.out"

The CXX compiler identification is GNU, found in "/coursegrader/build/CMakeFiles/3.10.2/CompilerIdCXX/a.out"

Determining if the C compiler works passed with the following output:
Change Dir: /coursegrader/build/CMakeFiles/CMakeTmp

Run Build Command:"/usr/bin/make" "cmTC_828c3/fast"
/usr/bin/make -f CMakeFiles/cmTC_828c3.dir/build.make CMakeFiles/cmTC_828c3.dir/build
make[1]: Entering directory '/coursegrader/build/CMakeFiles/CMakeTmp'
Building C object CMakeFiles/cmTC_828c3.dir/testCCompiler.c.o
/riscv32/bin/riscv32-unknown-linux-gnu-gcc    -o CMakeFiles/cmTC_828c3.dir/testCCompiler.c.o   -c /coursegrader/build/CMakeFiles/CMakeTmp/testCCompiler.c
Linking C executable cmTC_828c3
/usr/bin/cmake -E cmake_link_script CMakeFiles/cmTC_828c3.dir/link.txt --verbose=1
/riscv32/bin/riscv32-unknown-linux-gnu-gcc      CMakeFiles/cmTC_828c3.dir/testCCompiler.c.o  -o cmTC_828c3 
make[1]: Leaving directory '/coursegrader/build/CMakeFiles/CMakeTmp'


Detecting C compiler ABI info compiled with the following output:
Change Dir: /coursegrader/build/CMakeFiles/CMakeTmp

Run Build Command:"/usr/bin/make" "cmTC_11275/fast"
/usr/bin/make -f CMakeFiles/cmTC_11275.dir/build.make CMakeFiles/cmTC_11275.dir/build
make[1]: Entering directory '/coursegrader/build/CMakeFiles/CMakeTmp'
Building C object CMakeFiles/cmTC_11275.dir/CMakeCCompilerABI.c.o
/riscv32/bin/riscv32-unknown-linux-gnu-gcc    -o CMakeFiles/cmTC_11275.dir/CMakeCCompilerABI.c.o   -c /usr/share/cmake-3.10/Modules/CMakeCCompilerABI.c
Linking C executable cmTC_11275
/usr/bin/cmake -E cmake_link_script CMakeFiles/cmTC_11275.dir/link.txt --verbose=1
/riscv32/bin/riscv32-unknown-linux-gnu-gcc     -v CMakeFiles/cmTC_11275.dir/CMakeCCompilerABI.c.o  -o cmTC_11275 
Using built-in specs.
COLLECT_GCC=/riscv32/bin/riscv32-unknown-linux-gnu-gcc
COLLECT_LTO_WRAPPER=/riscv32/libexec/gcc/riscv32-unknown-linux-gnu/9.2.0/lto-wrapper
Target: riscv32-unknown-linux-gnu
Configured with: /src/riscv-gnu-toolchain/riscv-gcc/configure --target=riscv32-unknown-linux-gnu --prefix=/riscv32 --with-sysroot=/riscv32/sysroot --with-system-zlib --enable-shared --enable-tls --enable-languages=c,c++,fortran --disable-libmudflap --disable-libssp --disable-libquadmath --disable-nls --disable-bootstrap --src=.././riscv-gcc --disable-multilib --with-abi=ilp32d --with-arch=rv32gc --with-tune=rocket 'CFLAGS_FOR_TARGET=-O2   -mcmodel=medlow' 'CXXFLAGS_FOR_TARGET=-O2   -mcmodel=medlow'
Thread model: posix
gcc version 9.2.0 (GCC) 
COMPILER_PATH=/riscv32/libexec/gcc/riscv32-unknown-linux-gnu/9.2.0/:/riscv32/libexec/gcc/riscv32-unknown-linux-gnu/9.2.0/:/riscv32/libexec/gcc/riscv32-unknown-linux-gnu/:/riscv32/lib/gcc/riscv32-unknown-linux-gnu/9.2.0/:/riscv32/lib/gcc/riscv32-unknown-linux-gnu/:/riscv32/lib/gcc/riscv32-unknown-linux-gnu/9.2.0/../../../../riscv32-unknown-linux-gnu/bin/
LIBRARY_PATH=/riscv32/lib/gcc/riscv32-unknown-linux-gnu/9.2.0/:/riscv32/lib/gcc/riscv32-unknown-linux-gnu/9.2.0/../../../../riscv32-unknown-linux-gnu/lib/:/riscv32/sysroot/lib/:/riscv32/sysroot/usr/lib/
COLLECT_GCC_OPTIONS='-v' '-o' 'cmTC_11275' '-mtune=rocket' '-march=rv32gc' '-mabi=ilp32d'
 /riscv32/libexec/gcc/riscv32-unknown-linux-gnu/9.2.0/collect2 -plugin /riscv32/libexec/gcc/riscv32-unknown-linux-gnu/9.2.0/liblto_plugin.so -plugin-opt=/riscv32/libexec/gcc/riscv32-unknown-linux-gnu/9.2.0/lto-wrapper -plugin-opt=-fresolution=/tmp/ccg8TcOs.res -plugin-opt=-pass-through=-lgcc -plugin-opt=-pass-through=-lgcc_s -plugin-opt=-pass-through=-lc -plugin-opt=-pass-through=-lgcc -plugin-opt=-pass-through=-lgcc_s --sysroot=/riscv32/sysroot --eh-frame-hdr -melf32lriscv -dynamic-linker /lib/ld-linux-riscv32-ilp32d.so.1 -o cmTC_11275 /riscv32/sysroot/usr/lib/crt1.o /riscv32/lib/gcc/riscv32-unknown-linux-gnu/9.2.0/crti.o /riscv32/lib/gcc/riscv32-unknown-linux-gnu/9.2.0/crtbegin.o -L/riscv32/lib/gcc/riscv32-unknown-linux-gnu/9.2.0 -L/riscv32/lib/gcc/riscv32-unknown-linux-gnu/9.2.0/../../../../riscv32-unknown-linux-gnu/lib -L/riscv32/sysroot/lib -L/riscv32/sysroot/usr/lib CMakeFiles/cmTC_11275.dir/CMakeCCompilerABI.c.o -lgcc --push-state --as-needed -lgcc_s --pop-state -lc -lgcc --push-state --as-needed -lgcc_s --pop-state /riscv32/lib/gcc/riscv32-unknown-linux-gnu/9.2.0/crtend.o /riscv32/lib/gcc/riscv32-unknown-linux-gnu/9.2.0/crtn.o
COLLECT_GCC_OPTIONS='-v' '-o' 'cmTC_11275' '-mtune=rocket' '-march=rv32gc' '-mabi=ilp32d'
make[1]: Leaving directory '/coursegrader/build/CMakeFiles/CMakeTmp'


Parsed C implicit link information from above output:
  link line regex: [^( *|.*[/\])(ld|CMAKE_LINK_STARTFILE-NOTFOUND|([^/\]+-)?ld|collect2)[^/\]*( |$)]
  ignore line: [Change Dir: /coursegrader/build/CMakeFiles/CMakeTmp]
  ignore line: []
  ignore line: [Run Build Command:"/usr/bin/make" "cmTC_11275/fast"]
  ignore line: [/usr/bin/make -f CMakeFiles/cmTC_11275.dir/build.make CMakeFiles/cmTC_11275.dir/build]
  ignore line: [make[1]: Entering directory '/coursegrader/build/CMakeFiles/CMakeTmp']
  ignore line: [Building C object CMakeFiles/cmTC_11275.dir/CMakeCCompilerABI.c.o]
  ignore line: [/riscv32/bin/riscv32-unknown-linux-gnu-gcc    -o CMakeFiles/cmTC_11275.dir/CMakeCCompilerABI.c.o   -c /usr/share/cmake-3.10/Modules/CMakeCCompilerABI.c]
  ignore line: [Linking C executable cmTC_11275]
  ignore line: [/usr/bin/cmake -E cmake_link_script CMakeFiles/cmTC_11275.dir/link.txt --verbose=1]
  ignore line: [/riscv32/bin/riscv32-unknown-linux-gnu-gcc     -v CMakeFiles/cmTC_11275.dir/CMakeCCompilerABI.c.o  -o cmTC_11275 ]
  ignore line: [Using built-in specs.]
  ignore line: [COLLECT_GCC=/riscv32/bin/riscv32-unknown-linux-gnu-gcc]
  ignore line: [COLLECT_LTO_WRAPPER=/riscv32/libexec/gcc/riscv32-unknown-linux-gnu/9.2.0/lto-wrapper]
  ignore line: [Target: riscv32-unknown-linux-gnu]
  ignore line: [Configured with: /src/riscv-gnu-toolchain/riscv-gcc/configure --target=riscv32-unknown-linux-gnu --prefix=/riscv32 --with-sysroot=/riscv32/sysroot --with-system-zlib --enable-shared --enable-tls --enable-languages=c,c++,fortran --disable-libmudflap --disable-libssp --disable-libquadmath --disable-nls --disable-bootstrap --src=.././riscv-gcc --disable-multilib --with-abi=ilp32d --with-arch=rv32gc --with-tune=rocket 'CFLAGS_FOR_TARGET=-O2   -mcmodel=medlow' 'CXXFLAGS_FOR_TARGET=-O2   -mcmodel=medlow']
  ignore line: [Thread model: posix]
  ignore line: [gcc version 9.2.0 (GCC) ]
  ignore line: [COMPILER_PATH=/riscv32/libexec/gcc/riscv32-unknown-linux-gnu/9.2.0/:/riscv32/libexec/gcc/riscv32-unknown-linux-gnu/9.2.0/:/riscv32/libexec/gcc/riscv32-unknown-linux-gnu/:/riscv32/lib/gcc/riscv32-unknown-linux-gnu/9.2.0/:/riscv32/lib/gcc/riscv32-unknown-linux-gnu/:/riscv32/lib/gcc/riscv32-unknown-linux-gnu/9.2.0/../../../../riscv32-unknown-linux-gnu/bin/]
  ignore line: [LIBRARY_PATH=/riscv32/lib/gcc/riscv32-unknown-linux-gnu/9.2.0/:/riscv32/lib/gcc/riscv32-unknown-linux-gnu/9.2.0/../../../../riscv32-unknown-linux-gnu/lib/:/riscv32/sysroot/lib/:/riscv32/sysroot/usr/lib/]
  ignore line: [COLLECT_GCC_OPTIONS='-v' '-o' 'cmTC_11275' '-mtune=rocket' '-march=rv32gc' '-mabi=ilp32d']
  link line: [ /riscv32/libexec/gcc/riscv32-unknown-linux-gnu/9.2.0/collect2 -plugin /riscv32/libexec/gcc/riscv32-unknown-linux-gnu/9.2.0/liblto_plugin.so -plugin-opt=/riscv32/libexec/gcc/riscv32-unknown-linux-gnu/9.2.0/lto-wrapper -plugin-opt=-fresolution=/tmp/ccg8TcOs.res -plugin-opt=-pass-through=-lgcc -plugin-opt=-pass-through=-lgcc_s -plugin-opt=-pass-through=-lc -plugin-opt=-pass-through=-lgcc -plugin-opt=-pass-through=-lgcc_s --sysroot=/riscv32/sysroot --eh-frame-hdr -melf32lriscv -dynamic-linker /lib/ld-linux-riscv32-ilp32d.so.1 -o cmTC_11275 /riscv32/sysroot/usr/lib/crt1.o /riscv32/lib/gcc/riscv32-unknown-linux-gnu/9.2.0/crti.o /riscv32/lib/gcc/riscv32-unknown-linux-gnu/9.2.0/crtbegin.o -L/riscv32/lib/gcc/riscv32-unknown-linux-gnu/9.2.0 -L/riscv32/lib/gcc/riscv32-unknown-linux-gnu/9.2.0/../../../../riscv32-unknown-linux-gnu/lib -L/riscv32/sysroot/lib -L/riscv32/sysroot/usr/lib CMakeFiles/cmTC_11275.dir/CMakeCCompilerABI.c.o -lgcc --push-state --as-needed -lgcc_s --pop-state -lc -lgcc --push-state --as-needed -lgcc_s --pop-state /riscv32/lib/gcc/riscv32-unknown-linux-gnu/9.2.0/crtend.o /riscv32/lib/gcc/riscv32-unknown-linux-gnu/9.2.0/crtn.o]
    arg [/riscv32/libexec/gcc/riscv32-unknown-linux-gnu/9.2.0/collect2] ==> ignore
    arg [-plugin] ==> ignore
    arg [/riscv32/libexec/gcc/riscv32-unknown-linux-gnu/9.2.0/liblto_plugin.so] ==> ignore
    arg [-plugin-opt=/riscv32/libexec/gcc/riscv32-unknown-linux-gnu/9.2.0/lto-wrapper] ==> ignore
    arg [-plugin-opt=-fresolution=/tmp/ccg8TcOs.res] ==> ignore
    arg [-plugin-opt=-pass-through=-lgcc] ==> ignore
    arg [-plugin-opt=-pass-through=-lgcc_s] ==> ignore
    arg [-plugin-opt=-pass-through=-lc] ==> ignore
    arg [-plugin-opt=-pass-through=-lgcc] ==> ignore
    arg [-plugin-opt=-pass-through=-lgcc_s] ==> ignore
    arg [--sysroot=/riscv32/sysroot] ==> ignore
    arg [--eh-frame-hdr] ==> ignore
    arg [-melf32lriscv] ==> ignore
    arg [-dynamic-linker] ==> ignore
    arg [/lib/ld-linux-riscv32-ilp32d.so.1] ==> ignore
    arg [-o] ==> ignore
    arg [cmTC_11275] ==> ignore
    arg [/riscv32/sysroot/usr/lib/crt1.o] ==> ignore
    arg [/riscv32/lib/gcc/riscv32-unknown-linux-gnu/9.2.0/crti.o] ==> ignore
    arg [/riscv32/lib/gcc/riscv32-unknown-linux-gnu/9.2.0/crtbegin.o] ==> ignore
    arg [-L/riscv32/lib/gcc/riscv32-unknown-linux-gnu/9.2.0] ==> dir [/riscv32/lib/gcc/riscv32-unknown-linux-gnu/9.2.0]
    arg [-L/riscv32/lib/gcc/riscv32-unknown-linux-gnu/9.2.0/../../../../riscv32-unknown-linux-gnu/lib] ==> dir [/riscv32/lib/gcc/riscv32-unknown-linux-gnu/9.2.0/../../../../riscv32-unknown-linux-gnu/lib]
    arg [-L/riscv32/sysroot/lib] ==> dir [/riscv32/sysroot/lib]
    arg [-L/riscv32/sysroot/usr/lib] ==> dir [/riscv32/sysroot/usr/lib]
    arg [CMakeFiles/cmTC_11275.dir/CMakeCCompilerABI.c.o] ==> ignore
    arg [-lgcc] ==> lib [gcc]
    arg [--push-state] ==> ignore
    arg [--as-needed] ==> ignore
    arg [-lgcc_s] ==> lib [gcc_s]
    arg [--pop-state] ==> ignore
    arg [-lc] ==> lib [c]
    arg [-lgcc] ==> lib [gcc]
    arg [--push-state] ==> ignore
    arg [--as-needed] ==> ignore
    arg [-lgcc_s] ==> lib [gcc_s]
    arg [--pop-state] ==> ignore
    arg [/riscv32/lib/gcc/riscv32-unknown-linux-gnu/9.2.0/crtend.o] ==> ignore
    arg [/riscv32/lib/gcc/riscv32-unknown-linux-gnu/9.2.0/crtn.o] ==> ignore
  collapse library dir [/riscv32/lib/gcc/riscv32-unknown-linux-gnu/9.2.0] ==> [/riscv32/lib/gcc/riscv32-unknown-linux-gnu/9.2.0]
  collapse library dir [/riscv32/lib/gcc/riscv32-unknown-linux-gnu/9.2.0/../../../../riscv32-unknown-linux-gnu/lib] ==> [/riscv32/riscv32-unknown-linux-gnu/lib]
  collapse library dir [/riscv32/sysroot/lib] ==> [/riscv32/sysroot/lib]
  collapse library dir [/riscv32/sysroot/usr/lib] ==> [/riscv32/sysroot/usr/lib]
  implicit libs: [gcc;gcc_s;c;gcc;gcc_s]
  implicit dirs: [/riscv32/lib/gcc/riscv32-unknown-linux-gnu/9.2.0;/riscv32/riscv32-unknown-linux-gnu/lib;/riscv32/sysroot/lib;/riscv32/sysroot/usr/lib]
  implicit fwks: []




Detecting C [-std=c11] compiler features compiled with the following output:
Change Dir: /coursegrader/build/CMakeFiles/CMakeTmp

Run Build Command:"/usr/bin/make" "cmTC_25ef6/fast"
/usr/bin/make -f CMakeFiles/cmTC_25ef6.dir/build.make CMakeFiles/cmTC_25ef6.dir/build
make[1]: Entering directory '/coursegrader/build/CMakeFiles/CMakeTmp'
Building C object CMakeFiles/cmTC_25ef6.dir/feature_tests.c.o
/riscv32/bin/riscv32-unknown-linux-gnu-gcc   -std=c11 -o CMakeFiles/cmTC_25ef6.dir/feature_tests.c.o   -c /coursegrader/build/CMakeFiles/feature_tests.c
Linking C executable cmTC_25ef6
/usr/bin/cmake -E cmake_link_script CMakeFiles/cmTC_25ef6.dir/link.txt --verbose=1
/riscv32/bin/riscv32-unknown-linux-gnu-gcc      CMakeFiles/cmTC_25ef6.dir/feature_tests.c.o  -o cmTC_25ef6 
make[1]: Leaving directory '/coursegrader/build/CMakeFiles/CMakeTmp'


    Feature record: C_FEATURE:1c_function_prototypes
    Feature record: C_FEATURE:1c_restrict
    Feature record: C_FEATURE:1c_static_assert
    Feature record: C_FEATURE:1c_variadic_macros


Detecting C [-std=c99] compiler features compiled with the following output:
Change Dir: /coursegrader/build/CMakeFiles/CMakeTmp

Run Build Command:"/usr/bin/make" "cmTC_b37d9/fast"
/usr/bin/make -f CMakeFiles/cmTC_b37d9.dir/build.make CMakeFiles/cmTC_b37d9.dir/build
make[1]: Entering directory '/coursegrader/build/CMakeFiles/CMakeTmp'
Building C object CMakeFiles/cmTC_b37d9.dir/feature_tests.c.o
/riscv32/bin/riscv32-unknown-linux-gnu-gcc   -std=c99 -o CMakeFiles/cmTC_b37d9.dir/feature_tests.c.o   -c /coursegrader/build/CMakeFiles/feature_tests.c
Linking C executable cmTC_b37d9
/usr/bin/cmake -E cmake_link_script CMakeFiles/cmTC_b37d9.dir/link.txt --verbose=1
/riscv32/bin/riscv32-unknown-linux-gnu-gcc      CMakeFiles/cmTC_b37d9.dir/feature_tests.c.o  -o cmTC_b37d9 
make[1]: Leaving directory '/coursegrader/build/CMakeFiles/CMakeTmp'


    Feature record: C_FEATURE:1c_function_prototypes
    Feature record: C_FEATURE:1c_restrict
    Feature record: C_FEATURE:0c_static_assert
    Feature record: C_FEATURE:1c_variadic_macros


Detecting C [-std=c90] compiler features compiled with the following output:
Change Dir: /coursegrader/build/CMakeFiles/CMakeTmp

Run Build Command:"/usr/bin/make" "cmTC_39090/fast"
/usr/bin/make -f CMakeFiles/cmTC_39090.dir/build.make CMakeFiles/cmTC_39090.dir/build
make[1]: Entering directory '/coursegrader/build/CMakeFiles/CMakeTmp'
Building C object CMakeFiles/cmTC_39090.dir/feature_tests.c.o
/riscv32/bin/riscv32-unknown-linux-gnu-gcc   -std=c90 -o CMakeFiles/cmTC_39090.dir/feature_tests.c.o   -c /coursegrader/build/CMakeFiles/feature_tests.c
Linking C executable cmTC_39090
/usr/bin/cmake -E cmake_link_script CMakeFiles/cmTC_39090.dir/link.txt --verbose=1
/riscv32/bin/riscv32-unknown-linux-gnu-gcc      CMakeFiles/cmTC_39090.dir/feature_tests.c.o  -o cmTC_39090 
make[1]: Leaving directory '/coursegrader/build/CMakeFiles/CMakeTmp'


    Feature record: C_FEATURE:1c_function_prototypes
    Feature record: C_FEATURE:0c_restrict
    Feature record: C_FEATURE:0c_static_assert
    Feature record: C_FEATURE:0c_variadic_macros
Determining if the CXX compiler works passed with the following output:
Change Dir: /coursegrader/build/CMakeFiles/CMakeTmp

Run Build Command:"/usr/bin/make" "cmTC_2c591/fast"
/usr/bin/make -f CMakeFiles/cmTC_2c591.dir/build.make CMakeFiles/cmTC_2c591.dir/build
make[1]: Entering directory '/coursegrader/build/CMakeFiles/CMakeTmp'
Building CXX object CMakeFiles/cmTC_2c591.dir/testCXXCompiler.cxx.o
/riscv32/bin/riscv32-unknown-linux-gnu-c++     -o CMakeFiles/cmTC_2c591.dir/testCXXCompiler.cxx.o -c /coursegrader/build/CMakeFiles/CMakeTmp/testCXXCompiler.cxx
Linking CXX executable cmTC_2c591
/usr/bin/cmake -E cmake_link_script CMakeFiles/cmTC_2c591.dir/link.txt --verbose=1
/riscv32/bin/riscv32-unknown-linux-gnu-c++       CMakeFiles/cmTC_2c591.dir/testCXXCompiler.cxx.o  -o cmTC_2c591 
make[1]: Leaving directory '/coursegrader/build/CMakeFiles/CMakeTmp'


Detecting CXX compiler ABI info compiled with the following output:
Change Dir: /coursegrader/build/CMakeFiles/CMakeTmp

Run Build Command:"/usr/bin/make" "cmTC_9bd5c/fast"
/usr/bin/make -f CMakeFiles/cmTC_9bd5c.dir/build.make CMakeFiles/cmTC_9bd5c.dir/build
make[1]: Entering directory '/coursegrader/build/CMakeFiles/CMakeTmp'
Building CXX object CMakeFiles/cmTC_9bd5c.dir/CMakeCXXCompilerABI.cpp.o
/riscv32/bin/riscv32-unknown-linux-gnu-c++     -o CMakeFiles/cmTC_9bd5c.dir/CMakeCXXCompilerABI.cpp.o -c /usr/share/cmake-3.10/Modules/CMakeCXXCompilerABI.cpp
Linking CXX executable cmTC_9bd5c
/usr/bin/cmake -E cmake_link_script CMakeFiles/cmTC_9bd5c.dir/link.txt --verbose=1
/riscv32/bin/riscv32-unknown-linux-gnu-c++      -v CMakeFiles/cmTC_9bd5c.dir/CMakeCXXCompilerABI.cpp.o  -o cmTC_9bd5c 
Using built-in specs.
COLLECT_GCC=/riscv32/bin/riscv32-unknown-linux-gnu-c++
COLLECT_LTO_WRAPPER=/riscv32/libexec/gcc/riscv32-unknown-linux-gnu/9.2.0/lto-wrapper
Target: riscv32-unknown-linux-gnu
Configured with: /src/riscv-gnu-toolchain/riscv-gcc/configure --target=riscv32-unknown-linux-gnu --prefix=/riscv32 --with-sysroot=/riscv32/sysroot --with-system-zlib --enable-shared --enable-tls --enable-languages=c,c++,fortran --disable-libmudflap --disable-libssp --disable-libquadmath --disable-nls --disable-bootstrap --src=.././riscv-gcc --disable-multilib --with-abi=ilp32d --with-arch=rv32gc --with-tune=rocket 'CFLAGS_FOR_TARGET=-O2   -mcmodel=medlow' 'CXXFLAGS_FOR_TARGET=-O2   -mcmodel=medlow'
Thread model: posix
gcc version 9.2.0 (GCC) 
COMPILER_PATH=/riscv32/libexec/gcc/riscv32-unknown-linux-gnu/9.2.0/:/riscv32/libexec/gcc/riscv32-unknown-linux-gnu/9.2.0/:/riscv32/libexec/gcc/riscv32-unknown-linux-gnu/:/riscv32/lib/gcc/riscv32-unknown-linux-gnu/9.2.0/:/riscv32/lib/gcc/riscv32-unknown-linux-gnu/:/riscv32/lib/gcc/riscv32-unknown-linux-gnu/9.2.0/../../../../riscv32-unknown-linux-gnu/bin/
LIBRARY_PATH=/riscv32/lib/gcc/riscv32-unknown-linux-gnu/9.2.0/:/riscv32/lib/gcc/riscv32-unknown-linux-gnu/9.2.0/../../../../riscv32-unknown-linux-gnu/lib/:/riscv32/sysroot/lib/:/riscv32/sysroot/usr/lib/
COLLECT_GCC_OPTIONS='-v' '-o' 'cmTC_9bd5c' '-shared-libgcc' '-mtune=rocket' '-march=rv32gc' '-mabi=ilp32d'
 /riscv32/libexec/gcc/riscv32-unknown-linux-gnu/9.2.0/collect2 -plugin /riscv32/libexec/gcc/riscv32-unknown-linux-gnu/9.2.0/liblto_plugin.so -plugin-opt=/riscv32/libexec/gcc/riscv32-unknown-linux-gnu/9.2.0/lto-wrapper -plugin-opt=-fresolution=/tmp/cck87LzK.res -plugin-opt=-pass-through=-lgcc_s -plugin-opt=-pass-through=-lgcc -plugin-opt=-pass-through=-lc -plugin-opt=-pass-through=-lgcc_s -plugin-opt=-pass-through=-lgcc --sysroot=/riscv32/sysroot --eh-frame-hdr -melf32lriscv -dynamic-linker /lib/ld-linux-riscv32-ilp32d.so.1 -o cmTC_9bd5c /riscv32/sysroot/usr/lib/crt1.o /riscv32/lib/gcc/riscv32-unknown-linux-gnu/9.2.0/crti.o /riscv32/lib/gcc/riscv32-unknown-linux-gnu/9.2.0/crtbegin.o -L/riscv32/lib/gcc/riscv32-unknown-linux-gnu/9.2.0 -L/riscv32/lib/gcc/riscv32-unknown-linux-gnu/9.2.0/../../../../riscv32-unknown-linux-gnu/lib -L/riscv32/sysroot/lib -L/riscv32/sysroot/usr/lib CMakeFiles/cmTC_9bd5c.dir/CMakeCXXCompilerABI.cpp.o -lstdc++ -lm -lgcc_s -lgcc -lc -lgcc_s -lgcc /riscv32/lib/gcc/riscv32-unknown-linux-gnu/9.2.0/crtend.o /riscv32/lib/gcc/riscv32-unknown-linux-gnu/9.2.0/crtn.o
COLLECT_GCC_OPTIONS='-v' '-o' 'cmTC_9bd5c' '-shared-libgcc' '-mtune=rocket' '-march=rv32gc' '-mabi=ilp32d'
make[1]: Leaving directory '/coursegrader/build/CMakeFiles/CMakeTmp'


Parsed CXX implicit link information from above output:
  link line regex: [^( *|.*[/\])(ld|CMAKE_LINK_STARTFILE-NOTFOUND|([^/\]+-)?ld|collect2)[^/\]*( |$)]
  ignore line: [Change Dir: /coursegrader/build/CMakeFiles/CMakeTmp]
  ignore line: []
  ignore line: [Run Build Command:"/usr/bin/make" "cmTC_9bd5c/fast"]
  ignore line: [/usr/bin/make -f CMakeFiles/cmTC_9bd5c.dir/build.make CMakeFiles/cmTC_9bd5c.dir/build]
  ignore line: [make[1]: Entering directory '/coursegrader/build/CMakeFiles/CMakeTmp']
  ignore line: [Building CXX object CMakeFiles/cmTC_9bd5c.dir/CMakeCXXCompilerABI.cpp.o]
  ignore line: [/riscv32/bin/riscv32-unknown-linux-gnu-c++     -o CMakeFiles/cmTC_9bd5c.dir/CMakeCXXCompilerABI.cpp.o -c /usr/share/cmake-3.10/Modules/CMakeCXXCompilerABI.cpp]
  ignore line: [Linking CXX executable cmTC_9bd5c]
  ignore line: [/usr/bin/cmake -E cmake_link_script CMakeFiles/cmTC_9bd5c.dir/link.txt --verbose=1]
  ignore line: [/riscv32/bin/riscv32-unknown-linux-gnu-c++      -v CMakeFiles/cmTC_9bd5c.dir/CMakeCXXCompilerABI.cpp.o  -o cmTC_9bd5c ]
  ignore line: [Using built-in specs.]
  ignore line: [COLLECT_GCC=/riscv32/bin/riscv32-unknown-linux-gnu-c++]
  ignore line: [COLLECT_LTO_WRAPPER=/riscv32/libexec/gcc/riscv32-unknown-linux-gnu/9.2.0/lto-wrapper]
  ignore line: [Target: riscv32-unknown-linux-gnu]
  ignore line: [Configured with: /src/riscv-gnu-toolchain/riscv-gcc/configure --target=riscv32-unknown-linux-gnu --prefix=/riscv32 --with-sysroot=/riscv32/sysroot --with-system-zlib --enable-shared --enable-tls --enable-languages=c,c++,fortran --disable-libmudflap --disable-libssp --disable-libquadmath --disable-nls --disable-bootstrap --src=.././riscv-gcc --disable-multilib --with-abi=ilp32d --with-arch=rv32gc --with-tune=rocket 'CFLAGS_FOR_TARGET=-O2   -mcmodel=medlow' 'CXXFLAGS_FOR_TARGET=-O2   -mcmodel=medlow']
  ignore line: [Thread model: posix]
  ignore line: [gcc version 9.2.0 (GCC) ]
  ignore line: [COMPILER_PATH=/riscv32/libexec/gcc/riscv32-unknown-linux-gnu/9.2.0/:/riscv32/libexec/gcc/riscv32-unknown-linux-gnu/9.2.0/:/riscv32/libexec/gcc/riscv32-unknown-linux-gnu/:/riscv32/lib/gcc/riscv32-unknown-linux-gnu/9.2.0/:/riscv32/lib/gcc/riscv32-unknown-linux-gnu/:/riscv32/lib/gcc/riscv32-unknown-linux-gnu/9.2.0/../../../../riscv32-unknown-linux-gnu/bin/]
  ignore line: [LIBRARY_PATH=/riscv32/lib/gcc/riscv32-unknown-linux-gnu/9.2.0/:/riscv32/lib/gcc/riscv32-unknown-linux-gnu/9.2.0/../../../../riscv32-unknown-linux-gnu/lib/:/riscv32/sysroot/lib/:/riscv32/sysroot/usr/lib/]
  ignore line: [COLLECT_GCC_OPTIONS='-v' '-o' 'cmTC_9bd5c' '-shared-libgcc' '-mtune=rocket' '-march=rv32gc' '-mabi=ilp32d']
  link line: [ /riscv32/libexec/gcc/riscv32-unknown-linux-gnu/9.2.0/collect2 -plugin /riscv32/libexec/gcc/riscv32-unknown-linux-gnu/9.2.0/liblto_plugin.so -plugin-opt=/riscv32/libexec/gcc/riscv32-unknown-linux-gnu/9.2.0/lto-wrapper -plugin-opt=-fresolution=/tmp/cck87LzK.res -plugin-opt=-pass-through=-lgcc_s -plugin-opt=-pass-through=-lgcc -plugin-opt=-pass-through=-lc -plugin-opt=-pass-through=-lgcc_s -plugin-opt=-pass-through=-lgcc --sysroot=/riscv32/sysroot --eh-frame-hdr -melf32lriscv -dynamic-linker /lib/ld-linux-riscv32-ilp32d.so.1 -o cmTC_9bd5c /riscv32/sysroot/usr/lib/crt1.o /riscv32/lib/gcc/riscv32-unknown-linux-gnu/9.2.0/crti.o /riscv32/lib/gcc/riscv32-unknown-linux-gnu/9.2.0/crtbegin.o -L/riscv32/lib/gcc/riscv32-unknown-linux-gnu/9.2.0 -L/riscv32/lib/gcc/riscv32-unknown-linux-gnu/9.2.0/../../../../riscv32-unknown-linux-gnu/lib -L/riscv32/sysroot/lib -L/riscv32/sysroot/usr/lib CMakeFiles/cmTC_9bd5c.dir/CMakeCXXCompilerABI.cpp.o -lstdc++ -lm -lgcc_s -lgcc -lc -lgcc_s -lgcc /riscv32/lib/gcc/riscv32-unknown-linux-gnu/9.2.0/crtend.o /riscv32/lib/gcc/riscv32-unknown-linux-gnu/9.2.0/crtn.o]
    arg [/riscv32/libexec/gcc/riscv32-unknown-linux-gnu/9.2.0/collect2] ==> ignore
    arg [-plugin] ==> ignore
    arg [/riscv32/libexec/gcc/riscv32-unknown-linux-gnu/9.2.0/liblto_plugin.so] ==> ignore
    arg [-plugin-opt=/riscv32/libexec/gcc/riscv32-unknown-linux-gnu/9.2.0/lto-wrapper] ==> ignore
    arg [-plugin-opt=-fresolution=/tmp/cck87LzK.res] ==> ignore
    arg [-plugin-opt=-pass-through=-lgcc_s] ==> ignore
    arg [-plugin-opt=-pass-through=-lgcc] ==> ignore
    arg [-plugin-opt=-pass-through=-lc] ==> ignore
    arg [-plugin-opt=-pass-through=-lgcc_s] ==> ignore
    arg [-plugin-opt=-pass-through=-lgcc] ==> ignore
    arg [--sysroot=/riscv32/sysroot] ==> ignore
    arg [--eh-frame-hdr] ==> ignore
    arg [-melf32lriscv] ==> ignore
    arg [-dynamic-linker] ==> ignore
    arg [/lib/ld-linux-riscv32-ilp32d.so.1] ==> ignore
    arg [-o] ==> ignore
    arg [cmTC_9bd5c] ==> ignore
    arg [/riscv32/sysroot/usr/lib/crt1.o] ==> ignore
    arg [/riscv32/lib/gcc/riscv32-unknown-linux-gnu/9.2.0/crti.o] ==> ignore
    arg [/riscv32/lib/gcc/riscv32-unknown-linux-gnu/9.2.0/crtbegin.o] ==> ignore
    arg [-L/riscv32/lib/gcc/riscv32-unknown-linux-gnu/9.2.0] ==> dir [/riscv32/lib/gcc/riscv32-unknown-linux-gnu/9.2.0]
    arg [-L/riscv32/lib/gcc/riscv32-unknown-linux-gnu/9.2.0/../../../../riscv32-unknown-linux-gnu/lib] ==> dir [/riscv32/lib/gcc/riscv32-unknown-linux-gnu/9.2.0/../../../../riscv32-unknown-linux-gnu/lib]
    arg [-L/riscv32/sysroot/lib] ==> dir [/riscv32/sysroot/lib]
    arg [-L/riscv32/sysroot/usr/lib] ==> dir [/riscv32/sysroot/usr/lib]
    arg [CMakeFiles/cmTC_9bd5c.dir/CMakeCXXCompilerABI.cpp.o] ==> ignore
    arg [-lstdc++] ==> lib [stdc++]
    arg [-lm] ==> lib [m]
    arg [-lgcc_s] ==> lib [gcc_s]
    arg [-lgcc] ==> lib [gcc]
    arg [-lc] ==> lib [c]
    arg [-lgcc_s] ==> lib [gcc_s]
    arg [-lgcc] ==> lib [gcc]
    arg [/riscv32/lib/gcc/riscv32-unknown-linux-gnu/9.2.0/crtend.o] ==> ignore
    arg [/riscv32/lib/gcc/riscv32-unknown-linux-gnu/9.2.0/crtn.o] ==> ignore
  collapse library dir [/riscv32/lib/gcc/riscv32-unknown-linux-gnu/9.2.0] ==> [/riscv32/lib/gcc/riscv32-unknown-linux-gnu/9.2.0]
  collapse library dir [/riscv32/lib/gcc/riscv32-unknown-linux-gnu/9.2.0/../../../../riscv32-unknown-linux-gnu/lib] ==> [/riscv32/riscv32-unknown-linux-gnu/lib]
  collapse library dir [/riscv32/sysroot/lib] ==> [/riscv32/sysroot/lib]
  collapse library dir [/riscv32/sysroot/usr/lib] ==> [/riscv32/sysroot/usr/lib]
  implicit libs: [stdc++;m;gcc_s;gcc;c;gcc_s;gcc]
  implicit dirs: [/riscv32/lib/gcc/riscv32-unknown-linux-gnu/9.2.0;/riscv32/riscv32-unknown-linux-gnu/lib;/riscv32/sysroot/lib;/riscv32/sysroot/usr/lib]
  implicit fwks: []




Detecting CXX [-std=c++1z] compiler features compiled with the following output:
Change Dir: /coursegrader/build/CMakeFiles/CMakeTmp

Run Build Command:"/usr/bin/make" "cmTC_5d8d7/fast"
/usr/bin/make -f CMakeFiles/cmTC_5d8d7.dir/build.make CMakeFiles/cmTC_5d8d7.dir/build
make[1]: Entering directory '/coursegrader/build/CMakeFiles/CMakeTmp'
Building CXX object CMakeFiles/cmTC_5d8d7.dir/feature_tests.cxx.o
/riscv32/bin/riscv32-unknown-linux-gnu-c++    -std=c++1z -o CMakeFiles/cmTC_5d8d7.dir/feature_tests.cxx.o -c /coursegrader/build/CMakeFiles/feature_tests.cxx
Linking CXX executable cmTC_5d8d7
/usr/bin/cmake -E cmake_link_script CMakeFiles/cmTC_5d8d7.dir/link.txt --verbose=1
/riscv32/bin/riscv32-unknown-linux-gnu-c++       CMakeFiles/cmTC_5d8d7.dir/feature_tests.cxx.o  -o cmTC_5d8d7 
make[1]: Leaving directory '/coursegrader/build/CMakeFiles/CMakeTmp'


    Feature record: CXX_FEATURE:1cxx_aggregate_default_initializers
    Feature record: CXX_FEATURE:1cxx_alias_templates
    Feature record: CXX_FEATURE:1cxx_alignas
    Feature record: CXX_FEATURE:1cxx_alignof
    Feature record: CXX_FEATURE:1cxx_attributes
    Feature record: CXX_FEATURE:1cxx_attribute_deprecated
    Feature record: CXX_FEATURE:1cxx_auto_type
    Feature record: CXX_FEATURE:1cxx_binary_literals
    Feature record: CXX_FEATURE:1cxx_constexpr
    Feature record: CXX_FEATURE:1cxx_contextual_conversions
    Feature record: CXX_FEATURE:1cxx_decltype
    Feature record: CXX_FEATURE:1cxx_decltype_auto
    Feature record: CXX_FEATURE:1cxx_decltype_incomplete_return_types
    Feature record: CXX_FEATURE:1cxx_default_function_template_args
    Feature record: CXX_FEATURE:1cxx_defaulted_functions
    Feature record: CXX_FEATURE:1cxx_defaulted_move_initializers
    Feature record: CXX_FEATURE:1cxx_delegating_constructors
    Feature record: CXX_FEATURE:1cxx_deleted_functions
    Feature record: CXX_FEATURE:1cxx_digit_separators
    Feature record: CXX_FEATURE:1cxx_enum_forward_declarations
    Feature record: CXX_FEATURE:1cxx_explicit_conversions
    Feature record: CXX_FEATURE:1cxx_extended_friend_declarations
    Feature record: CXX_FEATURE:1cxx_extern_templates
    Feature record: CXX_FEATURE:1cxx_final
    Feature record: CXX_FEATURE:1cxx_func_identifier
    Feature record: CXX_FEATURE:1cxx_generalized_initializers
    Feature record: CXX_FEATURE:1cxx_generic_lambdas
    Feature record: CXX_FEATURE:1cxx_inheriting_constructors
    Feature record: CXX_FEATURE:1cxx_inline_namespaces
    Feature record: CXX_FEATURE:1cxx_lambdas
    Feature record: CXX_FEATURE:1cxx_lambda_init_captures
    Feature record: CXX_FEATURE:1cxx_local_type_template_args
    Feature record: CXX_FEATURE:1cxx_long_long_type
    Feature record: CXX_FEATURE:1cxx_noexcept
    Feature record: CXX_FEATURE:1cxx_nonstatic_member_init
    Feature record: CXX_FEATURE:1cxx_nullptr
    Feature record: CXX_FEATURE:1cxx_override
    Feature record: CXX_FEATURE:1cxx_range_for
    Feature record: CXX_FEATURE:1cxx_raw_string_literals
    Feature record: CXX_FEATURE:1cxx_reference_qualified_functions
    Feature record: CXX_FEATURE:1cxx_relaxed_constexpr
    Feature record: CXX_FEATURE:1cxx_return_type_deduction
    Feature record: CXX_FEATURE:1cxx_right_angle_brackets
    Feature record: CXX_FEATURE:1cxx_rvalue_references
    Feature record: CXX_FEATURE:1cxx_sizeof_member
    Feature record: CXX_FEATURE:1cxx_static_assert
    Feature record: CXX_FEATURE:1cxx_strong_enums
    Feature record: CXX_FEATURE:1cxx_template_template_parameters
    Feature record: CXX_FEATURE:1cxx_thread_local
    Feature record: CXX_FEATURE:1cxx_trailing_return_types
    Feature record: CXX_FEATURE:1cxx_unicode_literals
    Feature record: CXX_FEATURE:1cxx_uniform_initialization
    Feature record: CXX_FEATURE:1cxx_unrestricted_unions
    Feature record: CXX_FEATURE:1cxx_user_literals
    Feature record: CXX_FEATURE:1cxx_variable_templates
    Feature record: CXX_FEATURE:1cxx_variadic_macros
    Feature record: CXX_FEATURE:1cxx_variadic_templates


Detecting CXX [-std=c++14] compiler features compiled with the following output:
Change Dir: /coursegrader/build/CMakeFiles/CMakeTmp

Run Build Command:"/usr/bin/make" "cmTC_92e49/fast"
/usr/bin/make -f CMakeFiles/cmTC_92e49.dir/build.make CMakeFiles/cmTC_92e49.dir/build
make[1]: Entering directory '/coursegrader/build/CMakeFiles/CMakeTmp'
Building CXX object CMakeFiles/cmTC_92e49.dir/feature_tests.cxx.o
/riscv32/bin/riscv32-unknown-linux-gnu-c++    -std=c++14 -o CMakeFiles/cmTC_92e49.dir/feature_tests.cxx.o -c /coursegrader/build/CMakeFiles/feature_tests.cxx
Linking CXX executable cmTC_92e49
/usr/bin/cmake -E cmake_link_script CMakeFiles/cmTC_92e49.dir/link.txt --verbose=1
/riscv32/bin/riscv32-unknown-linux-gnu-c++       CMakeFiles/cmTC_92e49.dir/feature_tests.cxx.o  -o cmTC_92e49 
make[1]: Leaving directory '/coursegrader/build/CMakeFiles/CMakeTmp'


    Feature record: CXX_FEATURE:1cxx_aggregate_default_initializers
    Feature record: CXX_FEATURE:1cxx_alias_templates
    Feature record: CXX_FEATURE:1cxx_alignas
    Feature record: CXX_FEATURE:1cxx_alignof
    Feature record: CXX_FEATURE:1cxx_attributes
    Feature record: CXX_FEATURE:1cxx_attribute_deprecated
    Feature record: CXX_FEATURE:1cxx_auto_type
    Feature record: CXX_FEATURE:1cxx_binary_literals
    Feature record: CXX_FEATURE:1cxx_constexpr
    Feature record: CXX_FEATURE:1cxx_contextual_conversions
    Feature record: CXX_FEATURE:1cxx_decltype
    Feature record: CXX_FEATURE:1cxx_decltype_auto
    Feature record: CXX_FEATURE:1cxx_decltype_incomplete_return_types
    Feature record: CXX_FEATURE:1cxx_default_function_template_args
    Feature record: CXX_FEATURE:1cxx_defaulted_functions
    Feature record: CXX_FEATURE:1cxx_defaulted_move_initializers
    Feature record: CXX_FEATURE:1cxx_delegating_constructors
    Feature record: CXX_FEATURE:1cxx_deleted_functions
    Feature record: CXX_FEATURE:1cxx_digit_separators
    Feature record: CXX_FEATURE:1cxx_enum_forward_declarations
    Feature record: CXX_FEATURE:1cxx_explicit_conversions
    Feature record: CXX_FEATURE:1cxx_extended_friend_declarations
    Feature record: CXX_FEATURE:1cxx_extern_templates
    Feature record: CXX_FEATURE:1cxx_final
    Feature record: CXX_FEATURE:1cxx_func_identifier
    Feature record: CXX_FEATURE:1cxx_generalized_initializers
    Feature record: CXX_FEATURE:1cxx_generic_lambdas
    Feature record: CXX_FEATURE:1cxx_inheriting_constructors
    Feature record: CXX_FEATURE:1cxx_inline_namespaces
    Feature record: CXX_FEATURE:1cxx_lambdas
    Feature record: CXX_FEATURE:1cxx_lambda_init_captures
    Feature record: CXX_FEATURE:1cxx_local_type_template_args
    Feature record: CXX_FEATURE:1cxx_long_long_type
    Feature record: CXX_FEATURE:1cxx_noexcept
    Feature record: CXX_FEATURE:1cxx_nonstatic_member_init
    Feature record: CXX_FEATURE:1cxx_nullptr
    Feature record: CXX_FEATURE:1cxx_override
    Feature record: CXX_FEATURE:1cxx_range_for
    Feature record: CXX_FEATURE:1cxx_raw_string_literals
    Feature record: CXX_FEATURE:1cxx_reference_qualified_functions
    Feature record: CXX_FEATURE:1cxx_relaxed_constexpr
    Feature record: CXX_FEATURE:1cxx_return_type_deduction
    Feature record: CXX_FEATURE:1cxx_right_angle_brackets
    Feature record: CXX_FEATURE:1cxx_rvalue_references
    Feature record: CXX_FEATURE:1cxx_sizeof_member
    Feature record: CXX_FEATURE:1cxx_static_assert
    Feature record: CXX_FEATURE:1cxx_strong_enums
    Feature record: CXX_FEATURE:1cxx_template_template_parameters
    Feature record: CXX_FEATURE:1cxx_thread_local
    Feature record: CXX_FEATURE:1cxx_trailing_return_types
    Feature record: CXX_FEATURE:1cxx_unicode_literals
    Feature record: CXX_FEATURE:1cxx_uniform_initialization
    Feature record: CXX_FEATURE:1cxx_unrestricted_unions
    Feature record: CXX_FEATURE:1cxx_user_literals
    Feature record: CXX_FEATURE:1cxx_variable_templates
    Feature record: CXX_FEATURE:1cxx_variadic_macros
    Feature record: CXX_FEATURE:1cxx_variadic_templates


Detecting CXX [-std=c++11] compiler features compiled with the following output:
Change Dir: /coursegrader/build/CMakeFiles/CMakeTmp

Run Build Command:"/usr/bin/make" "cmTC_bf3e1/fast"
/usr/bin/make -f CMakeFiles/cmTC_bf3e1.dir/build.make CMakeFiles/cmTC_bf3e1.dir/build
make[1]: Entering directory '/coursegrader/build/CMakeFiles/CMakeTmp'
Building CXX object CMakeFiles/cmTC_bf3e1.dir/feature_tests.cxx.o
/riscv32/bin/riscv32-unknown-linux-gnu-c++    -std=c++11 -o CMakeFiles/cmTC_bf3e1.dir/feature_tests.cxx.o -c /coursegrader/build/CMakeFiles/feature_tests.cxx
Linking CXX executable cmTC_bf3e1
/usr/bin/cmake -E cmake_link_script CMakeFiles/cmTC_bf3e1.dir/link.txt --verbose=1
/riscv32/bin/riscv32-unknown-linux-gnu-c++       CMakeFiles/cmTC_bf3e1.dir/feature_tests.cxx.o  -o cmTC_bf3e1 
make[1]: Leaving directory '/coursegrader/build/CMakeFiles/CMakeTmp'


    Feature record: CXX_FEATURE:0cxx_aggregate_default_initializers
    Feature record: CXX_FEATURE:1cxx_alias_templates
    Feature record: CXX_FEATURE:1cxx_alignas
    Feature record: CXX_FEATURE:1cxx_alignof
    Feature record: CXX_FEATURE:1cxx_attributes
    Feature record: CXX_FEATURE:0cxx_attribute_deprecated
    Feature record: CXX_FEATURE:1cxx_auto_type
    Feature record: CXX_FEATURE:0cxx_binary_literals
    Feature record: CXX_FEATURE:1cxx_constexpr
    Feature record: CXX_FEATURE:0cxx_contextual_conversions
    Feature record: CXX_FEATURE:1cxx_decltype
    Feature record: CXX_FEATURE:0cxx_decltype_auto
    Feature record: CXX_FEATURE:1cxx_decltype_incomplete_return_types
    Feature record: CXX_FEATURE:1cxx_default_function_template_args
    Feature record: CXX_FEATURE:1cxx_defaulted_functions
    Feature record: CXX_FEATURE:1cxx_defaulted_move_initializers
    Feature record: CXX_FEATURE:1cxx_delegating_constructors
    Feature record: CXX_FEATURE:1cxx_deleted_functions
    Feature record: CXX_FEATURE:0cxx_digit_separators
    Feature record: CXX_FEATURE:1cxx_enum_forward_declarations
    Feature record: CXX_FEATURE:1cxx_explicit_conversions
    Feature record: CXX_FEATURE:1cxx_extended_friend_declarations
    Feature record: CXX_FEATURE:1cxx_extern_templates
    Feature record: CXX_FEATURE:1cxx_final
    Feature record: CXX_FEATURE:1cxx_func_identifier
    Feature record: CXX_FEATURE:1cxx_generalized_initializers
    Feature record: CXX_FEATURE:0cxx_generic_lambdas
    Feature record: CXX_FEATURE:1cxx_inheriting_constructors
    Feature record: CXX_FEATURE:1cxx_inline_namespaces
    Feature record: CXX_FEATURE:1cxx_lambdas
    Feature record: CXX_FEATURE:0cxx_lambda_init_captures
    Feature record: CXX_FEATURE:1cxx_local_type_template_args
    Feature record: CXX_FEATURE:1cxx_long_long_type
    Feature record: CXX_FEATURE:1cxx_noexcept
    Feature record: CXX_FEATURE:1cxx_nonstatic_member_init
    Feature record: CXX_FEATURE:1cxx_nullptr
    Feature record: CXX_FEATURE:1cxx_override
    Feature record: CXX_FEATURE:1cxx_range_for
    Feature record: CXX_FEATURE:1cxx_raw_string_literals
    Feature record: CXX_FEATURE:1cxx_reference_qualified_functions
    Feature record: CXX_FEATURE:0cxx_relaxed_constexpr
    Feature record: CXX_FEATURE:0cxx_return_type_deduction
    Feature record: CXX_FEATURE:1cxx_right_angle_brackets
    Feature record: CXX_FEATURE:1cxx_rvalue_references
    Feature record: CXX_FEATURE:1cxx_sizeof_member
    Feature record: CXX_FEATURE:1cxx_static_assert
    Feature record: CXX_FEATURE:1cxx_strong_enums
    Feature record: CXX_FEATURE:1cxx_template_template_parameters
    Feature record: CXX_FEATURE:1cxx_thread_local
    Feature record: CXX_FEATURE:1cxx_trailing_return_types
    Feature record: CXX_FEATURE:1cxx_unicode_literals
    Feature record: CXX_FEATURE:1cxx_uniform_initialization
    Feature record: CXX_FEATURE:1cxx_unrestricted_unions
    Feature record: CXX_FEATURE:1cxx_user_literals
    Feature record: CXX_FEATURE:0cxx_variable_templates
    Feature record: CXX_FEATURE:1cxx_variadic_macros
    Feature record: CXX_FEATURE:1cxx_variadic_templates


Detecting CXX [-std=c++98] compiler features compiled with the following output:
Change Dir: /coursegrader/build/CMakeFiles/CMakeTmp

Run Build Command:"/usr/bin/make" "cmTC_424a0/fast"
/usr/bin/make -f CMakeFiles/cmTC_424a0.dir/build.make CMakeFiles/cmTC_424a0.dir/build
make[1]: Entering directory '/coursegrader/build/CMakeFiles/CMakeTmp'
Building CXX object CMakeFiles/cmTC_424a0.dir/feature_tests.cxx.o
/riscv32/bin/riscv32-unknown-linux-gnu-c++    -std=c++98 -o CMakeFiles/cmTC_424a0.dir/feature_tests.cxx.o -c /coursegrader/build/CMakeFiles/feature_tests.cxx
Linking CXX executable cmTC_424a0
/usr/bin/cmake -E cmake_link_script CMakeFiles/cmTC_424a0.dir/link.txt --verbose=1
/riscv32/bin/riscv32-unknown-linux-gnu-c++       CMakeFiles/cmTC_424a0.dir/feature_tests.cxx.o  -o cmTC_424a0 
make[1]: Leaving directory '/coursegrader/build/CMakeFiles/CMakeTmp'


    Feature record: CXX_FEATURE:0cxx_aggregate_default_initializers
    Feature record: CXX_FEATURE:0cxx_alias_templates
    Feature record: CXX_FEATURE:0cxx_alignas
    Feature record: CXX_FEATURE:0cxx_alignof
    Feature record: CXX_FEATURE:0cxx_attributes
    Feature record: CXX_FEATURE:0cxx_attribute_deprecated
    Feature record: CXX_FEATURE:0cxx_auto_type
    Feature record: CXX_FEATURE:0cxx_binary_literals
    Feature record: CXX_FEATURE:0cxx_constexpr
    Feature record: CXX_FEATURE:0cxx_contextual_conversions
    Feature record: CXX_FEATURE:0cxx_decltype
    Feature record: CXX_FEATURE:0cxx_decltype_auto
    Feature record: CXX_FEATURE:0cxx_decltype_incomplete_return_types
    Feature record: CXX_FEATURE:0cxx_default_function_template_args
    Feature record: CXX_FEATURE:0cxx_defaulted_functions
    Feature record: CXX_FEATURE:0cxx_defaulted_move_initializers
    Feature record: CXX_FEATURE:0cxx_delegating_constructors
    Feature record: CXX_FEATURE:0cxx_deleted_functions
    Feature record: CXX_FEATURE:0cxx_digit_separators
    Feature record: CXX_FEATURE:0cxx_enum_forward_declarations
    Feature record: CXX_FEATURE:0cxx_explicit_conversions
    Feature record: CXX_FEATURE:0cxx_extended_friend_declarations
    Feature record: CXX_FEATURE:0cxx_extern_templates
    Feature record: CXX_FEATURE:0cxx_final
    Feature record: CXX_FEATURE:0cxx_func_identifier
    Feature record: CXX_FEATURE:0cxx_generalized_initializers
    Feature record: CXX_FEATURE:0cxx_generic_lambdas
    Feature record: CXX_FEATURE:0cxx_inheriting_constructors
    Feature record: CXX_FEATURE:0cxx_inline_namespaces
    Feature record: CXX_FEATURE:0cxx_lambdas
    Feature record: CXX_FEATURE:0cxx_lambda_init_captures
    Feature record: CXX_FEATURE:0cxx_local_type_template_args
    Feature record: CXX_FEATURE:0cxx_long_long_type
    Feature record: CXX_FEATURE:0cxx_noexcept
    Feature record: CXX_FEATURE:0cxx_nonstatic_member_init
    Feature record: CXX_FEATURE:0cxx_nullptr
    Feature record: CXX_FEATURE:0cxx_override
    Feature record: CXX_FEATURE:0cxx_range_for
    Feature record: CXX_FEATURE:0cxx_raw_string_literals
    Feature record: CXX_FEATURE:0cxx_reference_qualified_functions
    Feature record: CXX_FEATURE:0cxx_relaxed_constexpr
    Feature record: CXX_FEATURE:0cxx_return_type_deduction
    Feature record: CXX_FEATURE:0cxx_right_angle_brackets
    Feature record: CXX_FEATURE:0cxx_rvalue_references
    Feature record: CXX_FEATURE:0cxx_sizeof_member
    Feature record: CXX_FEATURE:0cxx_static_assert
    Feature record: CXX_FEATURE:0cxx_strong_enums
    Feature record: CXX_FEATURE:1cxx_template_template_parameters
    Feature record: CXX_FEATURE:0cxx_thread_local
    Feature record: CXX_FEATURE:0cxx_trailing_return_types
    Feature record: CXX_FEATURE:0cxx_unicode_literals
    Feature record: CXX_FEATURE:0cxx_uniform_initialization
    Feature record: CXX_FEATURE:0cxx_unrestricted_unions
    Feature record: CXX_FEATURE:0cxx_user_literals
    Feature record: CXX_FEATURE:0cxx_variable_templates
    Feature record: CXX_FEATURE:0cxx_variadic_macros
    Feature record: CXX_FEATURE:0cxx_variadic_templates
